<?xml version="1.0" encoding="UTF-8"?>
<!-- Generated by org.testng.reporters.JUnitXMLReporter -->
<testsuite ignored="0" hostname="DESKTOP-73VT5SL" failures="1" tests="5" name="Default test" time="536.801" errors="0" timestamp="2024-08-27T19:28:48 IST">
  <testcase classname="Utilities.BaseClass" name="@AfterMethod afterMethod" time="0.696">
    <failure type="org.openqa.selenium.WebDriverException" message="Unable to find the session info for particular sessionId db905910-ac0f-44e0-88e9-423a1bee081f, maybe session has quit already or timed out.
Build info: version: &amp;apos;4.13.0&amp;apos;, revision: &amp;apos;ba948ece5b*&amp;apos;
System info: os.name: &amp;apos;Windows 11&amp;apos;, os.arch: &amp;apos;amd64&amp;apos;, os.version: &amp;apos;10.0&amp;apos;, java.version: &amp;apos;19.0.1&amp;apos;
Driver info: io.appium.java_client.android.AndroidDriver
Command: [db905910-ac0f-44e0-88e9-423a1bee081f, screenshot {}]
Capabilities {appium:adbExecTimeout: 120000, appium:appActivity: org.plasticbank.app.MainAct..., appium:appPackage: org.plasticbank.app, appium:autoAcceptAlerts: true, appium:automationName: uiautomator2, appium:chromeOptions: {args: []}, appium:chromedriverExecutableDir: /appium/assets/drivers/chro..., appium:chromedriverPorts: [[11001, 11049]], appium:databaseEnabled: false, appium:desired: {adbExecTimeout: 120000, appActivity: org.plasticbank.app.MainAct..., appPackage: org.plasticbank.app, autoAcceptAlerts: true, automationName: uiautomator2, chromeOptions: {args: []}, chromedriverExecutableDir: /appium/assets/drivers/chro..., chromedriverPorts: [[11001, 11049]], deviceName: Pixel 8, headless: false, mode: cloud, nativeWebScreenshot: true, newCommandTimeout: 0, orientation: PORTRAIT, platformName: android, platformVersion: 14, skipLogcatCapture: true, systemPort: 12108, udid: 38221FDJH003E8, uiautomator2ServerLaunchTimeout: 60000, waitForQuiescence: false}, appium:deviceApiLevel: 34, appium:deviceManufacturer: Google, appium:deviceModel: Pixel 8, appium:deviceName: 38221FDJH003E8, appium:deviceScreenDensity: 420, appium:deviceScreenSize: 1080x2400, appium:deviceUDID: 38221FDJH003E8, appium:headless: false, appium:javascriptEnabled: true, appium:locationContextEnabled: false, appium:mode: cloud, appium:nativeWebScreenshot: true, appium:networkConnectionEnabled: true, appium:newCommandTimeout: 0, appium:orientation: PORTRAIT, appium:pixelRatio: 2.625, appium:platformVersion: 14, appium:skipLogcatCapture: true, appium:statBarHeight: 132, appium:systemPort: 12108, appium:takesScreenshot: true, appium:udid: 38221FDJH003E8, appium:uiautomator2ServerLaunchTimeout: 60000, appium:viewportRect: {height: 2010, left: 0, top: 132, width: 1080}, appium:waitForQuiescence: false, appium:warnings: {}, appium:webStorageEnabled: false, platformName: ANDROID}
Session ID: db905910-ac0f-44e0-88e9-423a1bee081f">
      <![CDATA[org.openqa.selenium.WebDriverException: Unable to find the session info for particular sessionId db905910-ac0f-44e0-88e9-423a1bee081f, maybe session has quit already or timed out.
Build info: version: '4.13.0', revision: 'ba948ece5b*'
System info: os.name: 'Windows 11', os.arch: 'amd64', os.version: '10.0', java.version: '19.0.1'
Driver info: io.appium.java_client.android.AndroidDriver
Command: [db905910-ac0f-44e0-88e9-423a1bee081f, screenshot {}]
Capabilities {appium:adbExecTimeout: 120000, appium:appActivity: org.plasticbank.app.MainAct..., appium:appPackage: org.plasticbank.app, appium:autoAcceptAlerts: true, appium:automationName: uiautomator2, appium:chromeOptions: {args: []}, appium:chromedriverExecutableDir: /appium/assets/drivers/chro..., appium:chromedriverPorts: [[11001, 11049]], appium:databaseEnabled: false, appium:desired: {adbExecTimeout: 120000, appActivity: org.plasticbank.app.MainAct..., appPackage: org.plasticbank.app, autoAcceptAlerts: true, automationName: uiautomator2, chromeOptions: {args: []}, chromedriverExecutableDir: /appium/assets/drivers/chro..., chromedriverPorts: [[11001, 11049]], deviceName: Pixel 8, headless: false, mode: cloud, nativeWebScreenshot: true, newCommandTimeout: 0, orientation: PORTRAIT, platformName: android, platformVersion: 14, skipLogcatCapture: true, systemPort: 12108, udid: 38221FDJH003E8, uiautomator2ServerLaunchTimeout: 60000, waitForQuiescence: false}, appium:deviceApiLevel: 34, appium:deviceManufacturer: Google, appium:deviceModel: Pixel 8, appium:deviceName: 38221FDJH003E8, appium:deviceScreenDensity: 420, appium:deviceScreenSize: 1080x2400, appium:deviceUDID: 38221FDJH003E8, appium:headless: false, appium:javascriptEnabled: true, appium:locationContextEnabled: false, appium:mode: cloud, appium:nativeWebScreenshot: true, appium:networkConnectionEnabled: true, appium:newCommandTimeout: 0, appium:orientation: PORTRAIT, appium:pixelRatio: 2.625, appium:platformVersion: 14, appium:skipLogcatCapture: true, appium:statBarHeight: 132, appium:systemPort: 12108, appium:takesScreenshot: true, appium:udid: 38221FDJH003E8, appium:uiautomator2ServerLaunchTimeout: 60000, appium:viewportRect: {height: 2010, left: 0, top: 132, width: 1080}, appium:waitForQuiescence: false, appium:warnings: {}, appium:webStorageEnabled: false, platformName: ANDROID}
Session ID: db905910-ac0f-44e0-88e9-423a1bee081f
at java.base/jdk.internal.reflect.DirectConstructorHandleAccessor.newInstance(DirectConstructorHandleAccessor.java:67)
at java.base/java.lang.reflect.Constructor.newInstanceWithCaller(Constructor.java:500)
at java.base/java.lang.reflect.Constructor.newInstance(Constructor.java:484)
at org.openqa.selenium.remote.codec.w3c.W3CHttpResponseCodec.createException(W3CHttpResponseCodec.java:200)
at org.openqa.selenium.remote.codec.w3c.W3CHttpResponseCodec.decode(W3CHttpResponseCodec.java:133)
at org.openqa.selenium.remote.codec.w3c.W3CHttpResponseCodec.decode(W3CHttpResponseCodec.java:52)
at org.openqa.selenium.remote.HttpCommandExecutor.execute(HttpCommandExecutor.java:191)
at io.appium.java_client.remote.AppiumCommandExecutor.execute(AppiumCommandExecutor.java:250)
at org.openqa.selenium.remote.RemoteWebDriver.execute(RemoteWebDriver.java:602)
at org.openqa.selenium.remote.RemoteWebDriver.execute(RemoteWebDriver.java:675)
at io.appium.java_client.AppiumDriver.execute(AppiumDriver.java:313)
at org.openqa.selenium.remote.RemoteWebDriver.getScreenshotAs(RemoteWebDriver.java:325)
at io.appium.java_client.AppiumDriver.getScreenshotAs(AppiumDriver.java:322)
at Utilities.BaseClass.afterMethod(BaseClass.java:435)
at java.base/jdk.internal.reflect.DirectMethodHandleAccessor.invoke(DirectMethodHandleAccessor.java:104)
at java.base/java.lang.reflect.Method.invoke(Method.java:578)
at org.testng.internal.invokers.MethodInvocationHelper.invokeMethod(MethodInvocationHelper.java:139)
at org.testng.internal.invokers.MethodInvocationHelper.invokeMethodConsideringTimeout(MethodInvocationHelper.java:69)
at org.testng.internal.invokers.ConfigInvoker.invokeConfigurationMethod(ConfigInvoker.java:390)
at org.testng.internal.invokers.ConfigInvoker.invokeConfigurations(ConfigInvoker.java:325)
at org.testng.internal.invokers.TestInvoker.runConfigMethods(TestInvoker.java:810)
at org.testng.internal.invokers.TestInvoker.runAfterConfigurations(TestInvoker.java:779)
at org.testng.internal.invokers.TestInvoker.invokeMethod(TestInvoker.java:755)
at org.testng.internal.invokers.TestInvoker.invokeTestMethod(TestInvoker.java:227)
at org.testng.internal.invokers.MethodRunner.runInSequence(MethodRunner.java:50)
at org.testng.internal.invokers.TestInvoker$MethodInvocationAgent.invoke(TestInvoker.java:957)
at org.testng.internal.invokers.TestInvoker.invokeTestMethods(TestInvoker.java:200)
at org.testng.internal.invokers.TestMethodWorker.invokeTestMethods(TestMethodWorker.java:148)
at org.testng.internal.invokers.TestMethodWorker.run(TestMethodWorker.java:128)
at java.base/java.util.ArrayList.forEach(ArrayList.java:1511)
at org.testng.TestRunner.privateRun(TestRunner.java:848)
at org.testng.TestRunner.run(TestRunner.java:621)
at org.testng.SuiteRunner.runTest(SuiteRunner.java:443)
at org.testng.SuiteRunner.runSequentially(SuiteRunner.java:437)
at org.testng.SuiteRunner.privateRun(SuiteRunner.java:397)
at org.testng.SuiteRunner.run(SuiteRunner.java:336)
at org.testng.SuiteRunnerWorker.runSuite(SuiteRunnerWorker.java:52)
at org.testng.SuiteRunnerWorker.run(SuiteRunnerWorker.java:95)
at org.testng.TestNG.runSuitesSequentially(TestNG.java:1280)
at org.testng.TestNG.runSuitesLocally(TestNG.java:1200)
at org.testng.TestNG.runSuites(TestNG.java:1114)
at org.testng.TestNG.run(TestNG.java:1082)
at org.testng.remote.AbstractRemoteTestNG.run(AbstractRemoteTestNG.java:115)
at org.testng.remote.RemoteTestNG.initAndRun(RemoteTestNG.java:251)
at org.testng.remote.RemoteTestNG.main(RemoteTestNG.java:77)
]]>
    </failure>
  </testcase> <!-- @AfterMethod afterMethod -->
  <testcase classname="Utilities.BaseClass" name="@AfterMethod afterMethod" time="0.0">
    <skipped/>
  </testcase> <!-- @AfterMethod afterMethod -->
  <testcase classname="Utilities.BaseClass" name="@AfterClass teardownalchemy" time="0.0">
    <skipped/>
  </testcase> <!-- @AfterClass teardownalchemy -->
  <testcase classname="Utilities.BaseClass" name="@AfterClass teardownapp" time="0.0">
    <skipped/>
  </testcase> <!-- @AfterClass teardownapp -->
  <testcase classname="smoke_suite.ALC_258" name="createdata" time="46.506"/>
  <testcase classname="smoke_suite.ALC_258" name="checkalchemy" time="29.735"/>
  <testcase classname="smoke_suite.ALC_258" name="dotransactions" time="400.103"/>
  <testcase classname="smoke_suite.ALC_258" name="selltoprocessor" time="30.112">
    <failure type="org.openqa.selenium.WebDriverException" message="Unable to find the session info for particular sessionId db905910-ac0f-44e0-88e9-423a1bee081f, maybe session has quit already or timed out.
Build info: version: &amp;apos;4.13.0&amp;apos;, revision: &amp;apos;ba948ece5b*&amp;apos;
System info: os.name: &amp;apos;Windows 11&amp;apos;, os.arch: &amp;apos;amd64&amp;apos;, os.version: &amp;apos;10.0&amp;apos;, java.version: &amp;apos;19.0.1&amp;apos;
Driver info: io.appium.java_client.android.AndroidDriver
Command: [db905910-ac0f-44e0-88e9-423a1bee081f, executeScript {script=lambda-hook: {&amp;quot;action&amp;quot;: &amp;quot;setTestStatus&amp;quot;,&amp;quot;arguments&amp;quot;: {&amp;quot;status&amp;quot;:&amp;quot;failed&amp;quot;, &amp;quot;remark&amp;quot;:&amp;quot;This is a failed test &amp;quot;}} , args=[]}]
Capabilities {appium:adbExecTimeout: 120000, appium:appActivity: org.plasticbank.app.MainAct..., appium:appPackage: org.plasticbank.app, appium:autoAcceptAlerts: true, appium:automationName: uiautomator2, appium:chromeOptions: {args: []}, appium:chromedriverExecutableDir: /appium/assets/drivers/chro..., appium:chromedriverPorts: [[11001, 11049]], appium:databaseEnabled: false, appium:desired: {adbExecTimeout: 120000, appActivity: org.plasticbank.app.MainAct..., appPackage: org.plasticbank.app, autoAcceptAlerts: true, automationName: uiautomator2, chromeOptions: {args: []}, chromedriverExecutableDir: /appium/assets/drivers/chro..., chromedriverPorts: [[11001, 11049]], deviceName: Pixel 8, headless: false, mode: cloud, nativeWebScreenshot: true, newCommandTimeout: 0, orientation: PORTRAIT, platformName: android, platformVersion: 14, skipLogcatCapture: true, systemPort: 12108, udid: 38221FDJH003E8, uiautomator2ServerLaunchTimeout: 60000, waitForQuiescence: false}, appium:deviceApiLevel: 34, appium:deviceManufacturer: Google, appium:deviceModel: Pixel 8, appium:deviceName: 38221FDJH003E8, appium:deviceScreenDensity: 420, appium:deviceScreenSize: 1080x2400, appium:deviceUDID: 38221FDJH003E8, appium:headless: false, appium:javascriptEnabled: true, appium:locationContextEnabled: false, appium:mode: cloud, appium:nativeWebScreenshot: true, appium:networkConnectionEnabled: true, appium:newCommandTimeout: 0, appium:orientation: PORTRAIT, appium:pixelRatio: 2.625, appium:platformVersion: 14, appium:skipLogcatCapture: true, appium:statBarHeight: 132, appium:systemPort: 12108, appium:takesScreenshot: true, appium:udid: 38221FDJH003E8, appium:uiautomator2ServerLaunchTimeout: 60000, appium:viewportRect: {height: 2010, left: 0, top: 132, width: 1080}, appium:waitForQuiescence: false, appium:warnings: {}, appium:webStorageEnabled: false, platformName: ANDROID}
Session ID: db905910-ac0f-44e0-88e9-423a1bee081f">
      <![CDATA[org.openqa.selenium.WebDriverException: Unable to find the session info for particular sessionId db905910-ac0f-44e0-88e9-423a1bee081f, maybe session has quit already or timed out.
Build info: version: '4.13.0', revision: 'ba948ece5b*'
System info: os.name: 'Windows 11', os.arch: 'amd64', os.version: '10.0', java.version: '19.0.1'
Driver info: io.appium.java_client.android.AndroidDriver
Command: [db905910-ac0f-44e0-88e9-423a1bee081f, executeScript {script=lambda-hook: {"action": "setTestStatus","arguments": {"status":"failed", "remark":"This is a failed test "}} , args=[]}]
Capabilities {appium:adbExecTimeout: 120000, appium:appActivity: org.plasticbank.app.MainAct..., appium:appPackage: org.plasticbank.app, appium:autoAcceptAlerts: true, appium:automationName: uiautomator2, appium:chromeOptions: {args: []}, appium:chromedriverExecutableDir: /appium/assets/drivers/chro..., appium:chromedriverPorts: [[11001, 11049]], appium:databaseEnabled: false, appium:desired: {adbExecTimeout: 120000, appActivity: org.plasticbank.app.MainAct..., appPackage: org.plasticbank.app, autoAcceptAlerts: true, automationName: uiautomator2, chromeOptions: {args: []}, chromedriverExecutableDir: /appium/assets/drivers/chro..., chromedriverPorts: [[11001, 11049]], deviceName: Pixel 8, headless: false, mode: cloud, nativeWebScreenshot: true, newCommandTimeout: 0, orientation: PORTRAIT, platformName: android, platformVersion: 14, skipLogcatCapture: true, systemPort: 12108, udid: 38221FDJH003E8, uiautomator2ServerLaunchTimeout: 60000, waitForQuiescence: false}, appium:deviceApiLevel: 34, appium:deviceManufacturer: Google, appium:deviceModel: Pixel 8, appium:deviceName: 38221FDJH003E8, appium:deviceScreenDensity: 420, appium:deviceScreenSize: 1080x2400, appium:deviceUDID: 38221FDJH003E8, appium:headless: false, appium:javascriptEnabled: true, appium:locationContextEnabled: false, appium:mode: cloud, appium:nativeWebScreenshot: true, appium:networkConnectionEnabled: true, appium:newCommandTimeout: 0, appium:orientation: PORTRAIT, appium:pixelRatio: 2.625, appium:platformVersion: 14, appium:skipLogcatCapture: true, appium:statBarHeight: 132, appium:systemPort: 12108, appium:takesScreenshot: true, appium:udid: 38221FDJH003E8, appium:uiautomator2ServerLaunchTimeout: 60000, appium:viewportRect: {height: 2010, left: 0, top: 132, width: 1080}, appium:waitForQuiescence: false, appium:warnings: {}, appium:webStorageEnabled: false, platformName: ANDROID}
Session ID: db905910-ac0f-44e0-88e9-423a1bee081f
at java.base/jdk.internal.reflect.DirectConstructorHandleAccessor.newInstance(DirectConstructorHandleAccessor.java:67)
at java.base/java.lang.reflect.Constructor.newInstanceWithCaller(Constructor.java:500)
at java.base/java.lang.reflect.Constructor.newInstance(Constructor.java:484)
at org.openqa.selenium.remote.codec.w3c.W3CHttpResponseCodec.createException(W3CHttpResponseCodec.java:200)
at org.openqa.selenium.remote.codec.w3c.W3CHttpResponseCodec.decode(W3CHttpResponseCodec.java:133)
at org.openqa.selenium.remote.codec.w3c.W3CHttpResponseCodec.decode(W3CHttpResponseCodec.java:52)
at org.openqa.selenium.remote.HttpCommandExecutor.execute(HttpCommandExecutor.java:191)
at io.appium.java_client.remote.AppiumCommandExecutor.execute(AppiumCommandExecutor.java:250)
at org.openqa.selenium.remote.RemoteWebDriver.execute(RemoteWebDriver.java:602)
at org.openqa.selenium.remote.RemoteWebDriver.executeScript(RemoteWebDriver.java:467)
at smoke_suite.ALC_258.selltoprocessor(ALC_258.java:67)
at java.base/jdk.internal.reflect.DirectMethodHandleAccessor.invoke(DirectMethodHandleAccessor.java:104)
at java.base/java.lang.reflect.Method.invoke(Method.java:578)
at org.testng.internal.invokers.MethodInvocationHelper.invokeMethod(MethodInvocationHelper.java:139)
at org.testng.internal.invokers.TestInvoker.invokeMethod(TestInvoker.java:664)
at org.testng.internal.invokers.TestInvoker.invokeTestMethod(TestInvoker.java:227)
at org.testng.internal.invokers.MethodRunner.runInSequence(MethodRunner.java:50)
at org.testng.internal.invokers.TestInvoker$MethodInvocationAgent.invoke(TestInvoker.java:957)
at org.testng.internal.invokers.TestInvoker.invokeTestMethods(TestInvoker.java:200)
at org.testng.internal.invokers.TestMethodWorker.invokeTestMethods(TestMethodWorker.java:148)
at org.testng.internal.invokers.TestMethodWorker.run(TestMethodWorker.java:128)
at java.base/java.util.ArrayList.forEach(ArrayList.java:1511)
at org.testng.TestRunner.privateRun(TestRunner.java:848)
at org.testng.TestRunner.run(TestRunner.java:621)
at org.testng.SuiteRunner.runTest(SuiteRunner.java:443)
at org.testng.SuiteRunner.runSequentially(SuiteRunner.java:437)
at org.testng.SuiteRunner.privateRun(SuiteRunner.java:397)
at org.testng.SuiteRunner.run(SuiteRunner.java:336)
at org.testng.SuiteRunnerWorker.runSuite(SuiteRunnerWorker.java:52)
at org.testng.SuiteRunnerWorker.run(SuiteRunnerWorker.java:95)
at org.testng.TestNG.runSuitesSequentially(TestNG.java:1280)
at org.testng.TestNG.runSuitesLocally(TestNG.java:1200)
at org.testng.TestNG.runSuites(TestNG.java:1114)
at org.testng.TestNG.run(TestNG.java:1082)
at org.testng.remote.AbstractRemoteTestNG.run(AbstractRemoteTestNG.java:115)
at org.testng.remote.RemoteTestNG.initAndRun(RemoteTestNG.java:251)
at org.testng.remote.RemoteTestNG.main(RemoteTestNG.java:77)
]]>
    </failure>
  </testcase> <!-- selltoprocessor -->
  <testcase classname="smoke_suite.ALC_258" name="verifytransactions" time="0.0">
    <skipped/>
  </testcase> <!-- verifytransactions -->
</testsuite> <!-- Default test -->
