<?xml version="1.0" encoding="UTF-8"?>
<!-- Generated by org.testng.reporters.JUnitXMLReporter -->
<testsuite ignored="0" hostname="DESKTOP-73VT5SL" failures="0" tests="4" name="Default test" time="388.965" errors="0" timestamp="2024-08-06T16:57:48 IST">
  <testcase classname="smoke_suite.ALC_3710" name="preconditions" time="34.124"/>
  <testcase classname="smoke_suite.ALC_3710" name="gojekTransaction" time="125.944"/>
  <testcase classname="smoke_suite.ALC_3710" name="checktokens" time="112.271"/>
  <testcase classname="smoke_suite.ALC_3710" name="checkforunverifiednum" time="77.766"/>
</testsuite> <!-- Default test -->
