<?xml version="1.0" encoding="UTF-8"?>
<!-- Generated by org.testng.reporters.JUnitXMLReporter -->
<testsuite ignored="20" hostname="DESKTOP-73VT5SL" failures="0" tests="6" name="Test" time="697.018" errors="0" timestamp="2024-10-08T09:19:36 IST">
  <testcase classname="smoke_suite.ALC_4348" name="verifyUserCanNot" time="237.018"/>
  <testcase classname="smoke_suite.ALC_4348" name="verifyUserCanAfter3Min" time="212.578"/>
  <testcase classname="smoke_suite.ALC_4349" name="verifypasswordcriteria" time="36.747"/>
  <testcase classname="smoke_suite.ALC_4956" name="createmember" time="8.725"/>
  <testcase classname="smoke_suite.ALC_4956" name="changepassword" time="72.19"/>
  <testcase classname="smoke_suite.ALC_4956" name="loginWithNewPassword" time="26.969"/>
  <testcase classname="Utilities.BaseClass" name="@BeforeSuite generateBonusName" time="0.0">
    <ignored/>
  </testcase> <!-- @BeforeSuite generateBonusName -->
  <testcase classname="Utilities.BaseClass" name="@BeforeSuite generateBenefitName" time="0.0">
    <ignored/>
  </testcase> <!-- @BeforeSuite generateBenefitName -->
  <testcase classname="Utilities.BaseClass" name="@BeforeSuite generateBenefitOrderName" time="0.0">
    <ignored/>
  </testcase> <!-- @BeforeSuite generateBenefitOrderName -->
  <testcase classname="Utilities.BaseClass" name="@BeforeSuite generateRandomNumber" time="0.0">
    <ignored/>
  </testcase> <!-- @BeforeSuite generateRandomNumber -->
  <testcase classname="Utilities.BaseClass" name="@BeforeSuite generateBranchName" time="0.0">
    <ignored/>
  </testcase> <!-- @BeforeSuite generateBranchName -->
  <testcase classname="Utilities.BaseClass" name="@BeforeSuite generateBrandName" time="0.0">
    <ignored/>
  </testcase> <!-- @BeforeSuite generateBrandName -->
  <testcase classname="Utilities.BaseClass" name="@BeforeSuite generateRandomBranchMemberNumber" time="0.0">
    <ignored/>
  </testcase> <!-- @BeforeSuite generateRandomBranchMemberNumber -->
  <testcase classname="Utilities.BaseClass" name="@BeforeSuite generateBenefitName" time="0.0">
    <ignored/>
  </testcase> <!-- @BeforeSuite generateBenefitName -->
  <testcase classname="Utilities.BaseClass" name="@BeforeSuite generateRandomLastName" time="0.0">
    <ignored/>
  </testcase> <!-- @BeforeSuite generateRandomLastName -->
  <testcase classname="Utilities.BaseClass" name="@BeforeSuite generateRandomNumber" time="0.0">
    <ignored/>
  </testcase> <!-- @BeforeSuite generateRandomNumber -->
  <testcase classname="Utilities.BaseClass" name="@BeforeSuite generateRandomLastName" time="0.0">
    <ignored/>
  </testcase> <!-- @BeforeSuite generateRandomLastName -->
  <testcase classname="Utilities.BaseClass" name="@BeforeSuite generateBranchName" time="0.0">
    <ignored/>
  </testcase> <!-- @BeforeSuite generateBranchName -->
  <testcase classname="Utilities.BaseClass" name="@BeforeSuite generateBranchMemberName" time="0.0">
    <ignored/>
  </testcase> <!-- @BeforeSuite generateBranchMemberName -->
  <testcase classname="Utilities.BaseClass" name="@BeforeSuite generateRandomBranchMemberNumber" time="0.0">
    <ignored/>
  </testcase> <!-- @BeforeSuite generateRandomBranchMemberNumber -->
  <testcase classname="Utilities.BaseClass" name="@BeforeSuite generateAndroidBenefitname" time="0.0">
    <ignored/>
  </testcase> <!-- @BeforeSuite generateAndroidBenefitname -->
  <testcase classname="Utilities.BaseClass" name="@BeforeSuite generateBenefitOrderName" time="0.0">
    <ignored/>
  </testcase> <!-- @BeforeSuite generateBenefitOrderName -->
  <testcase classname="Utilities.BaseClass" name="@BeforeSuite generateBranchMemberName" time="0.0">
    <ignored/>
  </testcase> <!-- @BeforeSuite generateBranchMemberName -->
  <testcase classname="Utilities.BaseClass" name="@BeforeSuite generateBrandName" time="0.0">
    <ignored/>
  </testcase> <!-- @BeforeSuite generateBrandName -->
  <testcase classname="Utilities.BaseClass" name="@BeforeSuite generateAndroidBenefitname" time="0.0">
    <ignored/>
  </testcase> <!-- @BeforeSuite generateAndroidBenefitname -->
  <testcase classname="Utilities.BaseClass" name="@BeforeSuite generateBonusName" time="0.0">
    <ignored/>
  </testcase> <!-- @BeforeSuite generateBonusName -->
</testsuite> <!-- Test -->
